<?xml version="1.0" encoding="UTF-8"?>
<testsuite xmlns:xsi="http://www.w3.org/2001/XMLSchema-instance" xsi:noNamespaceSchemaLocation="https://maven.apache.org/surefire/maven-surefire-plugin/xsd/surefire-test-report.xsd" name="com.persisti.gerenciadordetarefas.resource.TarefaControllerTest" time="0.131" tests="6" errors="0" skipped="0" failures="0">
  <properties>
[...]
</properties>
  <testcase name="adicionarTarefaTest" classname="com.persisti.gerenciadordetarefas.resource.TarefaControllerTest" time="0.096"/>
  <testcase name="getByIdTest" classname="com.persisti.gerenciadordetarefas.resource.TarefaControllerTest" time="0.019"/>
  <testcase name="atualizarTarefaTest" classname="com.persisti.gerenciadordetarefas.resource.TarefaControllerTest" time="0.002"/>
  <testcase name="getAllTest" classname="com.persisti.gerenciadordetarefas.resource.TarefaControllerTest" time="0.001"/>
  <testcase name="atualizarStatusTest" classname="com.persisti.gerenciadordetarefas.resource.TarefaControllerTest" time="0.003"/>
  <testcase name="deleteTarefaTest" classname="com.persisti.gerenciadordetarefas.resource.TarefaControllerTest" time="0.005"/>
</testsuite>